<?xml version="1.0" encoding="UTF-8"?>
<!-- Generated by org.testng.reporters.JUnitXMLReporter -->
<testsuite ignored="10" hostname="DESKTOP-ORKTBJG" failures="0" tests="6" name="Test-3" time="142.765" errors="0" timestamp="2023-08-08T17:07:20 IST">
  <testcase classname="user_Module.UpdateBillingAndShipping_TestNGTest" name="UpdateBillingAndShippingTest" time="0.005">
    <skipped/>
  </testcase> <!-- UpdateBillingAndShippingTest -->
  <testcase classname="user_Module.VerifyingPaymentPage_TestNGTest" name="verifyingPaymentPage" time="15.707"/>
  <testcase classname="user_Module.Order_a_Product_TestNGTest" name="orderAProduct" time="23.861"/>
  <testcase classname="user_Module.SignUpToApplication_TestNGTest" name="signUpToApplicationTest" time="6.629"/>
  <testcase classname="user_Module.CreateUserAccount_TestNGTest" name="createUserAccount" time="14.795"/>
  <testcase classname="user_Module.AddProductToWishlist_TestNGTest" name="addProduct" time="20.174"/>
  <testcase classname="com.BuyKart.GenericUtility.BaseClass" name="@BeforeSuite config_BS" time="0.0">
    <ignored/>
  </testcase> <!-- @BeforeSuite config_BS -->
  <testcase classname="com.BuyKart.GenericUtility.BaseClass" name="@BeforeSuite config_BS" time="0.0">
    <ignored/>
  </testcase> <!-- @BeforeSuite config_BS -->
  <testcase classname="com.BuyKart.GenericUtility.BaseClass" name="@AfterSuite config_AS" time="0.0">
    <ignored/>
  </testcase> <!-- @AfterSuite config_AS -->
  <testcase classname="com.BuyKart.GenericUtility.BaseClass" name="@AfterSuite config_AS" time="0.0">
    <ignored/>
  </testcase> <!-- @AfterSuite config_AS -->
  <testcase classname="com.BuyKart.GenericUtility.BaseClass" name="@AfterSuite config_AS" time="0.0">
    <ignored/>
  </testcase> <!-- @AfterSuite config_AS -->
  <testcase classname="com.BuyKart.GenericUtility.BaseClass" name="@AfterSuite config_AS" time="0.0">
    <ignored/>
  </testcase> <!-- @AfterSuite config_AS -->
  <testcase classname="com.BuyKart.GenericUtility.BaseClass" name="@BeforeSuite config_BS" time="0.0">
    <ignored/>
  </testcase> <!-- @BeforeSuite config_BS -->
  <testcase classname="com.BuyKart.GenericUtility.BaseClass" name="@BeforeSuite config_BS" time="0.0">
    <ignored/>
  </testcase> <!-- @BeforeSuite config_BS -->
  <testcase classname="com.BuyKart.GenericUtility.BaseClass" name="@BeforeSuite config_BS" time="0.0">
    <ignored/>
  </testcase> <!-- @BeforeSuite config_BS -->
  <testcase classname="com.BuyKart.GenericUtility.BaseClass" name="@AfterSuite config_AS" time="0.0">
    <ignored/>
  </testcase> <!-- @AfterSuite config_AS -->
</testsuite> <!-- Test-3 -->
