<?xml version="1.0" encoding="UTF-8"?>
<!-- Generated by org.testng.reporters.JUnitReportReporter -->
<testsuite hostname="DESKTOP-ORKTBJG" failures="0" tests="9" name="practiceTestNG.DataProviderDiffTest" time="0.036" errors="0" timestamp="2023-08-04T15:19:59 IST" skipped="0">
  <testcase classname="practiceTestNG.DataProviderDiffTest" name="something" time="0.002"/>
  <testcase classname="practiceTestNG.DataProviderDiffTest" name="fedtchData" time="0.003"/>
  <testcase classname="practiceTestNG.DataProviderDiffTest" name="something" time="0.003"/>
  <testcase classname="practiceTestNG.DataProviderDiffTest" name="something" time="0.002"/>
  <testcase classname="practiceTestNG.DataProviderDiffTest" name="something" time="0.002"/>
  <testcase classname="practiceTestNG.DataProviderDiffTest" name="something" time="0.005"/>
  <testcase classname="practiceTestNG.DataProviderDiffTest" name="ayyoData" time="0.013"/>
  <testcase classname="practiceTestNG.DataProviderDiffTest" name="dragData" time="0.002"/>
  <testcase classname="practiceTestNG.DataProviderDiffTest" name="dragData" time="0.004"/>
</testsuite> <!-- practiceTestNG.DataProviderDiffTest -->
