<?xml version="1.0" encoding="UTF-8"?>
<!-- Generated by org.testng.reporters.JUnitReportReporter -->
<testsuite hostname="DESKTOP-ORKTBJG" failures="0" tests="1" name="practiceTestNG.TestNG_Script2Test" time="0.002" errors="0" timestamp="2023-08-16T13:32:53 IST" skipped="0">
  <testcase classname="practiceTestNG.TestNG_Script2Test" name="clickOnCategory" time="0.002"/>
</testsuite> <!-- practiceTestNG.TestNG_Script2Test -->
