<?xml version="1.0" encoding="UTF-8"?>
<!-- Generated by org.testng.reporters.JUnitReportReporter -->
<testsuite hostname="DESKTOP-ORKTBJG" failures="0" tests="3" name="user_Module.Order_a_Product_TestNGTest" time="77.616" errors="0" timestamp="2023-08-08T17:07:50 IST" skipped="0">
  <testcase classname="user_Module.Order_a_Product_TestNGTest" name="orderAProduct" time="29.654"/>
  <testcase classname="user_Module.Order_a_Product_TestNGTest" name="orderAProduct" time="28.759"/>
  <testcase classname="user_Module.Order_a_Product_TestNGTest" name="orderAProduct" time="19.203"/>
</testsuite> <!-- user_Module.Order_a_Product_TestNGTest -->
