<?xml version="1.0" encoding="UTF-8"?>
<!-- Generated by org.testng.reporters.JUnitReportReporter -->
<testsuite hostname="DESKTOP-ORKTBJG" failures="0" tests="1" name="practice.ReadDataFromCommandLineTest" time="5.581" errors="0" timestamp="2023-07-31T10:02:13 IST" skipped="0">
  <testcase classname="practice.ReadDataFromCommandLineTest" name="readDataFromCmdLine" time="5.581"/>
</testsuite> <!-- practice.ReadDataFromCommandLineTest -->
