<?xml version="1.0" encoding="UTF-8"?>
<!-- Generated by org.testng.reporters.JUnitReportReporter -->
<testsuite hostname="DESKTOP-ORKTBJG" failures="0" tests="3" name="practiceTestNG.TestNG_Test" time="0.020" errors="0" timestamp="2023-08-04T14:44:41 IST" skipped="0">
  <testcase classname="practiceTestNG.TestNG_Test" name="c" time="0.002"/>
  <testcase classname="practiceTestNG.TestNG_Test" name="a" time="0.004"/>
  <testcase classname="practiceTestNG.TestNG_Test" name="b" time="0.014"/>
</testsuite> <!-- practiceTestNG.TestNG_Test -->
