<?xml version="1.0" encoding="UTF-8"?>
<!-- Generated by org.testng.reporters.JUnitReportReporter -->
<testsuite hostname="DESKTOP-ORKTBJG" failures="0" tests="1" name="admin_Module.TestNG_createCategoryTest" time="5.193" errors="0" timestamp="2023-08-07T15:01:28 IST" skipped="0">
  <testcase classname="admin_Module.TestNG_createCategoryTest" name="createCategory" time="5.193"/>
</testsuite> <!-- admin_Module.TestNG_createCategoryTest -->
