<?xml version="1.0" encoding="UTF-8"?>
<!-- Generated by org.testng.reporters.JUnitReportReporter -->
<testsuite hostname="DESKTOP-ORKTBJG" failures="0" tests="2" name="practiceTestNG.DataProviderTest" time="0.021" errors="0" timestamp="2023-08-04T13:21:20 IST" skipped="0">
  <testcase classname="practiceTestNG.DataProviderTest" name="fetchData" time="0.010"/>
  <testcase classname="practiceTestNG.DataProviderTest" name="fetchData" time="0.011"/>
</testsuite> <!-- practiceTestNG.DataProviderTest -->
