<?xml version="1.0" encoding="UTF-8"?>
<!-- Generated by org.testng.reporters.JUnitReportReporter -->
<testsuite hostname="DESKTOP-ORKTBJG" failures="0" tests="2" name="practiceTestNG.TestNG_ScriptTest" time="0.015" errors="0" timestamp="2023-08-16T13:32:53 IST" skipped="0">
  <testcase classname="practiceTestNG.TestNG_ScriptTest" name="createCategory" time="0.012"/>
  <testcase classname="practiceTestNG.TestNG_ScriptTest" name="createSubCategory" time="0.003"/>
</testsuite> <!-- practiceTestNG.TestNG_ScriptTest -->
