<?xml version="1.0" encoding="UTF-8"?>
<!-- Generated by org.testng.reporters.JUnitReportReporter -->
<testsuite hostname="DESKTOP-ORKTBJG" failures="0" tests="5" name="practiceTestNG.DP_Fetch_DataTest" time="0.019" errors="0" timestamp="2023-08-07T10:10:56 IST" skipped="0">
  <testcase classname="practiceTestNG.DP_Fetch_DataTest" name="fetchDataFromGenericExcel" time="0.002"/>
  <testcase classname="practiceTestNG.DP_Fetch_DataTest" name="fetchDataFromGenericExcel" time="0.009"/>
  <testcase classname="practiceTestNG.DP_Fetch_DataTest" name="fetchDataFromGenericExcel" time="0.002"/>
  <testcase classname="practiceTestNG.DP_Fetch_DataTest" name="fetchDataFromGenericExcel" time="0.003"/>
  <testcase classname="practiceTestNG.DP_Fetch_DataTest" name="fetchDataFromGenericExcel" time="0.003"/>
</testsuite> <!-- practiceTestNG.DP_Fetch_DataTest -->
