<?xml version="1.0" encoding="UTF-8"?>
<!-- Generated by org.testng.reporters.JUnitReportReporter -->
<testsuite hostname="DESKTOP-ORKTBJG" failures="0" tests="3" name="user_Module.SignUpToApplication_TestNGTest" time="26.394" errors="0" timestamp="2023-08-08T17:07:50 IST" skipped="0">
  <testcase classname="user_Module.SignUpToApplication_TestNGTest" name="signUpToApplicationTest" time="10.748"/>
  <testcase classname="user_Module.SignUpToApplication_TestNGTest" name="signUpToApplicationTest" time="7.921"/>
  <testcase classname="user_Module.SignUpToApplication_TestNGTest" name="signUpToApplicationTest" time="7.725"/>
</testsuite> <!-- user_Module.SignUpToApplication_TestNGTest -->
