<?xml version="1.0" encoding="UTF-8"?>
<!-- Generated by org.testng.reporters.JUnitReportReporter -->
<testsuite hostname="DESKTOP-ORKTBJG" failures="0" tests="5" name="practiceTestNG.DataProvider_Excel_Test" time="0.020" errors="0" timestamp="2023-08-07T22:10:09 IST" skipped="0">
  <testcase classname="practiceTestNG.DataProvider_Excel_Test" name="dpDataFromExcel" time="0.002"/>
  <testcase classname="practiceTestNG.DataProvider_Excel_Test" name="dpDataFromExcel" time="0.009"/>
  <testcase classname="practiceTestNG.DataProvider_Excel_Test" name="dpDataFromExcel" time="0.002"/>
  <testcase classname="practiceTestNG.DataProvider_Excel_Test" name="dpDataFromExcel" time="0.005"/>
  <testcase classname="practiceTestNG.DataProvider_Excel_Test" name="dpDataFromExcel" time="0.002"/>
</testsuite> <!-- practiceTestNG.DataProvider_Excel_Test -->
