<?xml version="1.0" encoding="UTF-8"?>
<!-- Generated by org.testng.reporters.JUnitReportReporter -->
<testsuite hostname="DESKTOP-ORKTBJG" failures="0" tests="2" name="practiceTestNG.TestNG_AnnTest" time="0.019" errors="0" timestamp="2023-08-07T12:01:32 IST" skipped="0">
  <testcase classname="practiceTestNG.TestNG_AnnTest" name="createCategory" time="0.015"/>
  <testcase classname="practiceTestNG.TestNG_AnnTest" name="createSubCategory" time="0.004"/>
</testsuite> <!-- practiceTestNG.TestNG_AnnTest -->
